  Performing Custom Build Tools
  Microsoft (R) Macro Assembler (x64) Version 14.43.34809.0
  Copyright (C) Microsoft Corporation.  All rights reserved.
  
   Assembling: wolfcrypt\src\aes_asm.asm
  Performing Custom Build Tools
  Microsoft (R) Macro Assembler (x64) Version 14.43.34809.0
  Copyright (C) Microsoft Corporation.  All rights reserved.
  
   Assembling: wolfcrypt\src\aes_gcm_asm.asm
  Performing Custom Build Tools
  Microsoft (R) Macro Assembler (x64) Version 14.43.34809.0
  Copyright (C) Microsoft Corporation.  All rights reserved.
  
   Assembling: wolfcrypt\src\aes_xts_asm.asm
  Performing Custom Build Tools
  Microsoft (R) Macro Assembler (x64) Version 14.43.34809.0
  Copyright (C) Microsoft Corporation.  All rights reserved.
  
   Assembling: wolfcrypt\src\chacha_asm.asm
  Performing Custom Build Tools
  Microsoft (R) Macro Assembler (x64) Version 14.43.34809.0
  Copyright (C) Microsoft Corporation.  All rights reserved.
  
   Assembling: wolfcrypt\src\poly1305_asm.asm
  Performing Custom Build Tools
  Microsoft (R) Macro Assembler (x64) Version 14.43.34809.0
  Copyright (C) Microsoft Corporation.  All rights reserved.
  
   Assembling: wolfcrypt\src\sp_x86_64_asm.asm
  crl.c
  dtls13.c
  dtls.c
  internal.c
  wolfio.c
  keys.c
  ocsp.c
  ssl.c
  tls.c
  tls13.c
  aes.c
  arc4.c
  asn.c
  blake2b.c
  blake2s.c
  camellia.c
  chacha.c
  chacha20_poly1305.c
  cmac.c
  coding.c
  Generating Code...
  Compiling...
  curve25519.c
  curve448.c
  cpuid.c
  cryptocb.c
  des3.c
  dilithium.c
  dh.c
  dsa.c
  ecc.c
  ed25519.c
  ed448.c
  error.c
  ext_kyber.c
  falcon.c
  fe_448.c
  fe_low_mem.c
  fe_operations.c
  ge_448.c
  ge_low_mem.c
  ge_operations.c
  Generating Code...
  Compiling...
  hash.c
  hmac.c
  integer.c
  kdf.c
  wc_kyber.c
  wc_kyber_poly.c
  logging.c
  md2.c
  md4.c
  md5.c
  memory.c
  pkcs7.c
  pkcs12.c
  poly1305.c
  pwdbased.c
  random.c
  rc2.c
  ripemd.c
  rsa.c
  sha.c
  Generating Code...
  Compiling...
  sha256.c
  sha3.c
  sha512.c
  signature.c
  sphincs.c
  sp_c32.c
  sp_c64.c
  sp_int.c
  sp_x86_64.c
  srp.c
  tfm.c
  wc_encrypt.c
  wc_pkcs11.c
  wc_port.c
  wolfmath.c
  wolfevent.c
  liboqs.c
  Generating Code...
  wolfssl.vcxproj -> H:\Users\Aalle\Desktop\ectf\main\2025-dream-team-design\decoder\inc\wolfssl-5.7.6\Debug\x64\wolfssl.lib
